TN:
SF:src/app.ts
FNF:0
FNH:0
DA:1,1
DA:2,1
DA:3,1
DA:5,1
DA:7,1
DA:9,1
DA:11,1
DA:13,1
DA:21,1
LF:9
LH:9
BRF:0
BRH:0
end_of_record
TN:
SF:src/server.ts
FN:12,(anonymous_1)
FNF:1
FNH:0
FNDA:0,(anonymous_1)
DA:1,0
DA:2,0
DA:8,0
DA:10,0
DA:12,0
DA:13,0
LF:6
LH:0
BRDA:8,0,0,0
BRDA:8,0,1,0
BRF:2
BRH:0
end_of_record
TN:
SF:src/controllers/userCreate.ts
FN:13,(anonymous_1)
FN:21,(anonymous_2)
FN:52,(anonymous_3)
FN:84,(anonymous_4)
FN:101,(anonymous_5)
FN:113,(anonymous_6)
FNF:6
FNH:6
FNDA:3,(anonymous_1)
FNDA:1,(anonymous_2)
FNDA:1,(anonymous_3)
FNDA:2,(anonymous_4)
FNDA:4,(anonymous_5)
FNDA:3,(anonymous_6)
DA:2,1
DA:3,1
DA:4,1
DA:6,1
DA:7,1
DA:9,1
DA:11,1
DA:13,1
DA:14,3
DA:15,3
DA:16,1
DA:19,1
DA:21,2
DA:23,2
DA:24,1
DA:27,1
DA:30,1
DA:31,1
DA:32,1
DA:34,1
DA:36,1
DA:37,1
DA:39,1
DA:52,1
DA:55,1
DA:56,1
DA:58,1
DA:59,0
DA:62,0
DA:66,1
DA:68,1
DA:70,1
DA:84,1
DA:87,2
DA:89,2
DA:91,2
DA:101,1
DA:104,4
DA:106,4
DA:107,1
DA:110,1
DA:113,3
DA:114,3
DA:115,1
DA:118,1
DA:121,2
DA:122,2
DA:124,2
DA:125,1
DA:126,1
DA:127,1
DA:128,1
DA:130,1
DA:134,1
DA:137,1
LF:55
LH:53
BRDA:9,0,0,1
BRDA:9,0,1,0
BRDA:11,1,0,1
BRDA:11,1,1,1
BRDA:15,2,0,1
BRDA:15,3,0,3
BRDA:15,3,1,2
BRDA:15,3,2,2
BRDA:23,4,0,1
BRDA:58,5,0,0
BRDA:58,6,0,1
BRDA:58,6,1,1
BRDA:106,7,0,1
BRDA:106,8,0,4
BRDA:106,8,1,3
BRDA:114,9,0,1
BRDA:124,10,0,1
BRDA:124,10,1,1
BRDA:124,11,0,2
BRDA:124,11,1,2
BRF:20
BRH:18
end_of_record
TN:
SF:src/db/memoryDB.ts
FNF:0
FNH:0
DA:16,1
DA:17,1
DA:18,1
LF:3
LH:3
BRF:0
BRH:0
end_of_record
TN:
SF:src/db/models.ts
FN:52,createTable
FN:73,insertingData
FN:88,creatingAndInserting
FNF:3
FNH:0
FNDA:0,createTable
FNDA:0,insertingData
FNDA:0,creatingAndInserting
DA:45,0
DA:47,0
DA:53,0
DA:54,0
DA:63,0
DA:66,0
DA:69,0
DA:74,0
DA:76,0
DA:82,0
DA:84,0
DA:88,0
DA:89,0
DA:90,0
DA:91,0
DA:92,0
DA:96,0
LF:17
LH:0
BRF:0
BRH:0
end_of_record
TN:
SF:src/middlewares/authenticateToken.ts
FN:16,(anonymous_1)
FN:17,(anonymous_2)
FN:18,(anonymous_3)
FN:27,(anonymous_4)
FNF:4
FNH:4
FNDA:3,(anonymous_1)
FNDA:3,(anonymous_2)
FNDA:3,(anonymous_3)
FNDA:4,(anonymous_4)
DA:2,1
DA:3,1
DA:5,1
DA:8,1
DA:10,1
DA:16,1
DA:17,3
DA:18,3
DA:19,3
DA:20,0
DA:22,3
DA:27,1
DA:29,4
DA:31,4
DA:32,1
DA:35,1
DA:37,3
DA:39,3
DA:40,3
DA:42,3
DA:44,3
DA:45,0
DA:48,0
DA:50,3
DA:51,3
DA:54,0
LF:26
LH:22
BRDA:10,0,0,1
BRDA:10,0,1,0
BRDA:19,1,0,0
BRDA:31,2,0,1
BRDA:37,3,0,3
BRDA:37,3,1,3
BRDA:44,4,0,0
BRDA:44,5,0,3
BRDA:44,5,1,3
BRF:9
BRH:6
end_of_record
TN:
SF:src/routes/userRoutes.ts
FNF:0
FNH:0
DA:1,1
DA:2,1
DA:3,1
DA:5,1
DA:7,1
DA:8,1
DA:9,1
DA:10,1
DA:12,1
LF:9
LH:9
BRF:0
BRH:0
end_of_record
TN:
SF:src/utils /GeneratorLogic.ts
FN:17,(anonymous_1)
FNF:1
FNH:1
FNDA:6,(anonymous_1)
DA:4,1
DA:5,1
DA:7,1
DA:8,1
DA:17,1
DA:19,6
DA:25,6
DA:27,6
LF:8
LH:8
BRDA:8,0,0,1
BRDA:8,0,1,0
BRF:2
BRH:1
end_of_record
TN:
SF:src/utils /hashPassword.ts
FN:5,(anonymous_1)
FN:10,(anonymous_2)
FNF:2
FNH:2
FNDA:9,(anonymous_1)
FNDA:2,(anonymous_2)
DA:1,1
DA:3,1
DA:5,1
DA:6,9
DA:7,9
DA:10,1
DA:11,2
DA:12,0
DA:14,2
DA:15,2
LF:10
LH:9
BRDA:3,0,0,1
BRDA:3,0,1,0
BRDA:11,1,0,0
BRF:3
BRH:1
end_of_record
